{"/home/joyfulstick/Dokumenty/sukulenty/frontend/cloudinaryEnv.js": {"path":"/home/joyfulstick/Dokumenty/sukulenty/frontend/cloudinaryEnv.js","statementMap":{"0":{"start":{"line":1,"column":23},"end":{"line":1,"column":38}},"1":{"start":{"line":2,"column":15},"end":{"line":2,"column":44}}},"fnMap":{},"branchMap":{},"s":{"0":1,"1":1},"f":{},"b":{},"_coverageSchema":"332fd63041d2c1bcb487cc26dd0d5f7d97098a6c","hash":"5b9a9cb27b30a2811e8a0d9662022a0c52f7aac2"}
,"/home/joyfulstick/Dokumenty/sukulenty/frontend/config.js": {"path":"/home/joyfulstick/Dokumenty/sukulenty/frontend/config.js","statementMap":{"0":{"start":{"line":1,"column":24},"end":{"line":1,"column":47}},"1":{"start":{"line":2,"column":28},"end":{"line":2,"column":66}},"2":{"start":{"line":3,"column":23},"end":{"line":3,"column":25}}},"fnMap":{},"branchMap":{},"s":{"0":1,"1":1,"2":1},"f":{},"b":{},"_coverageSchema":"332fd63041d2c1bcb487cc26dd0d5f7d97098a6c","hash":"00c82b4d0345a056987e5a89de102797792a8dbe"}
,"/home/joyfulstick/Dokumenty/sukulenty/frontend/jest.setup.js": {"path":"/home/joyfulstick/Dokumenty/sukulenty/frontend/jest.setup.js","statementMap":{"0":{"start":{"line":4,"column":0},"end":{"line":4,"column":38}}},"fnMap":{},"branchMap":{},"s":{"0":6},"f":{},"b":{},"_coverageSchema":"332fd63041d2c1bcb487cc26dd0d5f7d97098a6c","hash":"f915d2752ef596d5c8152c4556264f4c522d1789"}
,"/home/joyfulstick/Dokumenty/sukulenty/frontend/components/AddToCart.js": {"path":"/home/joyfulstick/Dokumenty/sukulenty/frontend/components/AddToCart.js","statementMap":{"0":{"start":{"line":7,"column":29},"end":{"line":14,"column":1}},"1":{"start":{"line":21,"column":19},"end":{"line":21,"column":29}},"2":{"start":{"line":22,"column":4},"end":{"line":40,"column":5}},"3":{"start":{"line":31,"column":10},"end":{"line":37,"column":19}},"4":{"start":{"line":33,"column":27},"end":{"line":33,"column":73}},"5":{"start":{"line":33,"column":54},"end":{"line":33,"column":72}}},"fnMap":{"0":{"name":"(anonymous_0)","decl":{"start":{"line":20,"column":2},"end":{"line":20,"column":3}},"loc":{"start":{"line":20,"column":11},"end":{"line":41,"column":3}},"line":20},"1":{"name":"(anonymous_1)","decl":{"start":{"line":30,"column":9},"end":{"line":30,"column":10}},"loc":{"start":{"line":31,"column":10},"end":{"line":37,"column":19}},"line":31},"2":{"name":"(anonymous_2)","decl":{"start":{"line":33,"column":21},"end":{"line":33,"column":22}},"loc":{"start":{"line":33,"column":27},"end":{"line":33,"column":73}},"line":33},"3":{"name":"(anonymous_3)","decl":{"start":{"line":33,"column":47},"end":{"line":33,"column":48}},"loc":{"start":{"line":33,"column":54},"end":{"line":33,"column":72}},"line":33}},"branchMap":{"0":{"loc":{"start":{"line":36,"column":13},"end":{"line":36,"column":27}},"type":"binary-expr","locations":[{"start":{"line":36,"column":13},"end":{"line":36,"column":20}},{"start":{"line":36,"column":24},"end":{"line":36,"column":27}}],"line":36}},"s":{"0":1,"1":0,"2":0,"3":0,"4":0,"5":0},"f":{"0":0,"1":0,"2":0,"3":0},"b":{"0":[0,0]},"_coverageSchema":"332fd63041d2c1bcb487cc26dd0d5f7d97098a6c","hash":"661cee5544bb52a259036cccb08ed999c0a6895f"}
,"/home/joyfulstick/Dokumenty/sukulenty/frontend/components/Cart.js": {"path":"/home/joyfulstick/Dokumenty/sukulenty/frontend/components/Cart.js","statementMap":{"0":{"start":{"line":16,"column":26},"end":{"line":20,"column":1}},"1":{"start":{"line":22,"column":29},"end":{"line":26,"column":1}},"2":{"start":{"line":28,"column":17},"end":{"line":34,"column":2}},"3":{"start":{"line":29,"column":24},"end":{"line":29,"column":45}},"4":{"start":{"line":31,"column":4},"end":{"line":31,"column":65}},"5":{"start":{"line":33,"column":30},"end":{"line":33,"column":79}},"6":{"start":{"line":37,"column":13},"end":{"line":68,"column":1}},"7":{"start":{"line":38,"column":2},"end":{"line":67,"column":13}},"8":{"start":{"line":40,"column":21},"end":{"line":40,"column":30}},"9":{"start":{"line":41,"column":6},"end":{"line":41,"column":26}},"10":{"start":{"line":41,"column":15},"end":{"line":41,"column":26}},"11":{"start":{"line":42,"column":6},"end":{"line":65,"column":7}},"12":{"start":{"line":53,"column":14},"end":{"line":53,"column":64}}},"fnMap":{"0":{"name":"(anonymous_0)","decl":{"start":{"line":29,"column":8},"end":{"line":29,"column":9}},"loc":{"start":{"line":29,"column":24},"end":{"line":29,"column":45}},"line":29},"1":{"name":"(anonymous_1)","decl":{"start":{"line":30,"column":14},"end":{"line":30,"column":15}},"loc":{"start":{"line":31,"column":4},"end":{"line":31,"column":65}},"line":31},"2":{"name":"(anonymous_2)","decl":{"start":{"line":33,"column":14},"end":{"line":33,"column":15}},"loc":{"start":{"line":33,"column":30},"end":{"line":33,"column":79}},"line":33},"3":{"name":"(anonymous_3)","decl":{"start":{"line":37,"column":13},"end":{"line":37,"column":14}},"loc":{"start":{"line":38,"column":2},"end":{"line":67,"column":13}},"line":38},"4":{"name":"(anonymous_4)","decl":{"start":{"line":39,"column":5},"end":{"line":39,"column":6}},"loc":{"start":{"line":39,"column":43},"end":{"line":66,"column":5}},"line":39},"5":{"name":"(anonymous_5)","decl":{"start":{"line":52,"column":25},"end":{"line":52,"column":26}},"loc":{"start":{"line":53,"column":14},"end":{"line":53,"column":64}},"line":53}},"branchMap":{"0":{"loc":{"start":{"line":41,"column":6},"end":{"line":41,"column":26}},"type":"if","locations":[{"start":{"line":41,"column":6},"end":{"line":41,"column":26}},{"start":{"line":41,"column":6},"end":{"line":41,"column":26}}],"line":41},"1":{"loc":{"start":{"line":58,"column":13},"end":{"line":62,"column":13}},"type":"binary-expr","locations":[{"start":{"line":58,"column":13},"end":{"line":58,"column":27}},{"start":{"line":59,"column":14},"end":{"line":61,"column":25}}],"line":58}},"s":{"0":1,"1":1,"2":1,"3":0,"4":0,"5":0,"6":1,"7":0,"8":0,"9":0,"10":0,"11":0,"12":0},"f":{"0":0,"1":0,"2":0,"3":0,"4":0,"5":0},"b":{"0":[0,0],"1":[0,0]},"_coverageSchema":"332fd63041d2c1bcb487cc26dd0d5f7d97098a6c","hash":"6af4a7068b54f0423b3dd35d249c3d6e1a2e93bb"}
,"/home/joyfulstick/Dokumenty/sukulenty/frontend/components/CartCount.js": {"path":"/home/joyfulstick/Dokumenty/sukulenty/frontend/components/CartCount.js","statementMap":{"0":{"start":{"line":6,"column":24},"end":{"line":28,"column":1}},"1":{"start":{"line":30,"column":12},"end":{"line":41,"column":1}},"2":{"start":{"line":31,"column":25},"end":{"line":31,"column":42}},"3":{"start":{"line":43,"column":18},"end":{"line":57,"column":1}},"4":{"start":{"line":44,"column":2},"end":{"line":56,"column":20}},"5":{"start":{"line":59,"column":0},"end":{"line":61,"column":1}}},"fnMap":{"0":{"name":"(anonymous_0)","decl":{"start":{"line":31,"column":16},"end":{"line":31,"column":17}},"loc":{"start":{"line":31,"column":25},"end":{"line":31,"column":42}},"line":31},"1":{"name":"(anonymous_1)","decl":{"start":{"line":43,"column":18},"end":{"line":43,"column":19}},"loc":{"start":{"line":44,"column":2},"end":{"line":56,"column":20}},"line":44}},"branchMap":{},"s":{"0":2,"1":2,"2":2,"3":2,"4":6,"5":2},"f":{"0":2,"1":6},"b":{},"_coverageSchema":"332fd63041d2c1bcb487cc26dd0d5f7d97098a6c","hash":"d5a5af743ed5ca96eaa5589a49d8426207cc460e"}
,"/home/joyfulstick/Dokumenty/sukulenty/frontend/components/CartItem.js": {"path":"/home/joyfulstick/Dokumenty/sukulenty/frontend/components/CartItem.js","statementMap":{"0":{"start":{"line":7,"column":23},"end":{"line":20,"column":1}},"1":{"start":{"line":9,"column":38},"end":{"line":9,"column":59}},"2":{"start":{"line":22,"column":17},"end":{"line":46,"column":1}},"3":{"start":{"line":23,"column":2},"end":{"line":29,"column":5}},"4":{"start":{"line":24,"column":4},"end":{"line":29,"column":5}},"5":{"start":{"line":30,"column":2},"end":{"line":45,"column":3}},"6":{"start":{"line":48,"column":0},"end":{"line":50,"column":1}}},"fnMap":{"0":{"name":"(anonymous_0)","decl":{"start":{"line":9,"column":29},"end":{"line":9,"column":30}},"loc":{"start":{"line":9,"column":38},"end":{"line":9,"column":59}},"line":9},"1":{"name":"(anonymous_1)","decl":{"start":{"line":22,"column":17},"end":{"line":22,"column":18}},"loc":{"start":{"line":22,"column":35},"end":{"line":46,"column":1}},"line":22}},"branchMap":{"0":{"loc":{"start":{"line":23,"column":2},"end":{"line":29,"column":5}},"type":"if","locations":[{"start":{"line":23,"column":2},"end":{"line":29,"column":5}},{"start":{"line":23,"column":2},"end":{"line":29,"column":5}}],"line":23}},"s":{"0":1,"1":0,"2":1,"3":0,"4":0,"5":0,"6":1},"f":{"0":0,"1":0},"b":{"0":[0,0]},"_coverageSchema":"332fd63041d2c1bcb487cc26dd0d5f7d97098a6c","hash":"b37f281ac293ecf7a38ba5cd8608343ac137e0ce"}
,"/home/joyfulstick/Dokumenty/sukulenty/frontend/components/Checkout.js": {"path":"/home/joyfulstick/Dokumenty/sukulenty/frontend/components/Checkout.js","statementMap":{"0":{"start":{"line":11,"column":30},"end":{"line":23,"column":1}},"1":{"start":{"line":26,"column":4},"end":{"line":26,"column":21}},"2":{"start":{"line":27,"column":18},"end":{"line":33,"column":6}},"3":{"start":{"line":32,"column":6},"end":{"line":32,"column":24}},"4":{"start":{"line":34,"column":4},"end":{"line":37,"column":6}},"5":{"start":{"line":40,"column":4},"end":{"line":71,"column":5}},"6":{"start":{"line":43,"column":10},"end":{"line":43,"column":34}},"7":{"start":{"line":43,"column":23},"end":{"line":43,"column":34}},"8":{"start":{"line":44,"column":10},"end":{"line":68,"column":11}},"9":{"start":{"line":50,"column":16},"end":{"line":65,"column":33}},"10":{"start":{"line":61,"column":32},"end":{"line":61,"column":62}}},"fnMap":{"0":{"name":"(anonymous_0)","decl":{"start":{"line":25,"column":12},"end":{"line":25,"column":13}},"loc":{"start":{"line":25,"column":40},"end":{"line":38,"column":3}},"line":25},"1":{"name":"(anonymous_1)","decl":{"start":{"line":31,"column":13},"end":{"line":31,"column":14}},"loc":{"start":{"line":31,"column":20},"end":{"line":33,"column":5}},"line":31},"2":{"name":"(anonymous_2)","decl":{"start":{"line":39,"column":2},"end":{"line":39,"column":3}},"loc":{"start":{"line":39,"column":11},"end":{"line":72,"column":3}},"line":39},"3":{"name":"(anonymous_3)","decl":{"start":{"line":42,"column":9},"end":{"line":42,"column":10}},"loc":{"start":{"line":42,"column":40},"end":{"line":69,"column":9}},"line":42},"4":{"name":"(anonymous_4)","decl":{"start":{"line":49,"column":15},"end":{"line":49,"column":16}},"loc":{"start":{"line":50,"column":16},"end":{"line":65,"column":33}},"line":50},"5":{"name":"(anonymous_5)","decl":{"start":{"line":61,"column":25},"end":{"line":61,"column":26}},"loc":{"start":{"line":61,"column":32},"end":{"line":61,"column":62}},"line":61}},"branchMap":{"0":{"loc":{"start":{"line":43,"column":10},"end":{"line":43,"column":34}},"type":"if","locations":[{"start":{"line":43,"column":10},"end":{"line":43,"column":34}},{"start":{"line":43,"column":10},"end":{"line":43,"column":34}}],"line":43},"1":{"loc":{"start":{"line":55,"column":20},"end":{"line":55,"column":78}},"type":"binary-expr","locations":[{"start":{"line":55,"column":20},"end":{"line":55,"column":34}},{"start":{"line":55,"column":38},"end":{"line":55,"column":53}},{"start":{"line":55,"column":57},"end":{"line":55,"column":78}}],"line":55}},"s":{"0":1,"1":0,"2":0,"3":0,"4":0,"5":0,"6":0,"7":0,"8":0,"9":0,"10":0},"f":{"0":0,"1":0,"2":0,"3":0,"4":0,"5":0},"b":{"0":[0,0],"1":[0,0,0]},"_coverageSchema":"332fd63041d2c1bcb487cc26dd0d5f7d97098a6c","hash":"001f80a91913c40d7ce677467b29c406c2d5de0d"}
,"/home/joyfulstick/Dokumenty/sukulenty/frontend/components/DeleteItem.js": {"path":"/home/joyfulstick/Dokumenty/sukulenty/frontend/components/DeleteItem.js","statementMap":{"0":{"start":{"line":15,"column":29},"end":{"line":21,"column":1}},"1":{"start":{"line":25,"column":22},"end":{"line":25,"column":32}},"2":{"start":{"line":26,"column":17},"end":{"line":26,"column":31}},"3":{"start":{"line":27,"column":4},"end":{"line":27,"column":39}},"4":{"start":{"line":28,"column":4},"end":{"line":28,"column":48}},"5":{"start":{"line":29,"column":4},"end":{"line":29,"column":35}},"6":{"start":{"line":30,"column":4},"end":{"line":30,"column":52}},"7":{"start":{"line":32,"column":4},"end":{"line":35,"column":6}},"8":{"start":{"line":41,"column":8},"end":{"line":41,"column":12}},"9":{"start":{"line":42,"column":4},"end":{"line":69,"column":5}},"10":{"start":{"line":57,"column":10},"end":{"line":66,"column":19}},"11":{"start":{"line":59,"column":14},"end":{"line":62,"column":15}},"12":{"start":{"line":60,"column":16},"end":{"line":60,"column":61}},"13":{"start":{"line":60,"column":42},"end":{"line":60,"column":60}},"14":{"start":{"line":61,"column":16},"end":{"line":61,"column":34}},"15":{"start":{"line":73,"column":0},"end":{"line":77,"column":1}}},"fnMap":{"0":{"name":"(anonymous_0)","decl":{"start":{"line":24,"column":16},"end":{"line":24,"column":17}},"loc":{"start":{"line":24,"column":22},"end":{"line":36,"column":3}},"line":24},"1":{"name":"(anonymous_1)","decl":{"start":{"line":38,"column":2},"end":{"line":38,"column":3}},"loc":{"start":{"line":38,"column":11},"end":{"line":70,"column":3}},"line":38},"2":{"name":"(anonymous_2)","decl":{"start":{"line":56,"column":9},"end":{"line":56,"column":10}},"loc":{"start":{"line":57,"column":10},"end":{"line":66,"column":19}},"line":57},"3":{"name":"(anonymous_3)","decl":{"start":{"line":58,"column":21},"end":{"line":58,"column":22}},"loc":{"start":{"line":58,"column":27},"end":{"line":63,"column":13}},"line":58},"4":{"name":"(anonymous_4)","decl":{"start":{"line":60,"column":35},"end":{"line":60,"column":36}},"loc":{"start":{"line":60,"column":42},"end":{"line":60,"column":60}},"line":60}},"branchMap":{"0":{"loc":{"start":{"line":59,"column":14},"end":{"line":62,"column":15}},"type":"if","locations":[{"start":{"line":59,"column":14},"end":{"line":62,"column":15}},{"start":{"line":59,"column":14},"end":{"line":62,"column":15}}],"line":59}},"s":{"0":1,"1":0,"2":0,"3":0,"4":0,"5":0,"6":0,"7":0,"8":0,"9":0,"10":0,"11":0,"12":0,"13":0,"14":0,"15":1},"f":{"0":0,"1":0,"2":0,"3":0,"4":0},"b":{"0":[0,0]},"_coverageSchema":"332fd63041d2c1bcb487cc26dd0d5f7d97098a6c","hash":"b03df213b34b5ac751cefd3ef33ef93782249dcb"}
,"/home/joyfulstick/Dokumenty/sukulenty/frontend/components/ErrorMessage.js": {"path":"/home/joyfulstick/Dokumenty/sukulenty/frontend/components/ErrorMessage.js","statementMap":{"0":{"start":{"line":5,"column":20},"end":{"line":18,"column":1}},"1":{"start":{"line":10,"column":36},"end":{"line":10,"column":51}},"2":{"start":{"line":20,"column":21},"end":{"line":44,"column":1}},"3":{"start":{"line":21,"column":2},"end":{"line":21,"column":43}},"4":{"start":{"line":21,"column":32},"end":{"line":21,"column":43}},"5":{"start":{"line":22,"column":2},"end":{"line":35,"column":3}},"6":{"start":{"line":27,"column":4},"end":{"line":34,"column":6}},"7":{"start":{"line":28,"column":6},"end":{"line":33,"column":20}},"8":{"start":{"line":36,"column":2},"end":{"line":43,"column":3}},"9":{"start":{"line":46,"column":0},"end":{"line":48,"column":1}},"10":{"start":{"line":50,"column":0},"end":{"line":52,"column":1}}},"fnMap":{"0":{"name":"(anonymous_0)","decl":{"start":{"line":10,"column":27},"end":{"line":10,"column":28}},"loc":{"start":{"line":10,"column":36},"end":{"line":10,"column":51}},"line":10},"1":{"name":"(anonymous_1)","decl":{"start":{"line":20,"column":21},"end":{"line":20,"column":22}},"loc":{"start":{"line":20,"column":36},"end":{"line":44,"column":1}},"line":20},"2":{"name":"(anonymous_2)","decl":{"start":{"line":27,"column":48},"end":{"line":27,"column":49}},"loc":{"start":{"line":28,"column":6},"end":{"line":33,"column":20}},"line":28}},"branchMap":{"0":{"loc":{"start":{"line":21,"column":2},"end":{"line":21,"column":43}},"type":"if","locations":[{"start":{"line":21,"column":2},"end":{"line":21,"column":43}},{"start":{"line":21,"column":2},"end":{"line":21,"column":43}}],"line":21},"1":{"loc":{"start":{"line":21,"column":6},"end":{"line":21,"column":30}},"type":"binary-expr","locations":[{"start":{"line":21,"column":6},"end":{"line":21,"column":12}},{"start":{"line":21,"column":16},"end":{"line":21,"column":30}}],"line":21},"2":{"loc":{"start":{"line":22,"column":2},"end":{"line":35,"column":3}},"type":"if","locations":[{"start":{"line":22,"column":2},"end":{"line":35,"column":3}},{"start":{"line":22,"column":2},"end":{"line":35,"column":3}}],"line":22},"3":{"loc":{"start":{"line":23,"column":4},"end":{"line":25,"column":43}},"type":"binary-expr","locations":[{"start":{"line":23,"column":4},"end":{"line":23,"column":22}},{"start":{"line":24,"column":4},"end":{"line":24,"column":29}},{"start":{"line":25,"column":4},"end":{"line":25,"column":43}}],"line":23}},"s":{"0":3,"1":1,"2":3,"3":2,"4":1,"5":1,"6":0,"7":0,"8":1,"9":3,"10":3},"f":{"0":1,"1":2,"2":0},"b":{"0":[1,1],"1":[2,2],"2":[0,1],"3":[1,0,0]},"_coverageSchema":"332fd63041d2c1bcb487cc26dd0d5f7d97098a6c","hash":"dd3104e016b24233a1fd9baa4b5581d230040b18"}
,"/home/joyfulstick/Dokumenty/sukulenty/frontend/components/Guard.js": {"path":"/home/joyfulstick/Dokumenty/sukulenty/frontend/components/Guard.js","statementMap":{"0":{"start":{"line":5,"column":14},"end":{"line":20,"column":1}},"1":{"start":{"line":6,"column":2},"end":{"line":19,"column":10}},"2":{"start":{"line":8,"column":6},"end":{"line":8,"column":43}},"3":{"start":{"line":8,"column":19},"end":{"line":8,"column":43}},"4":{"start":{"line":9,"column":6},"end":{"line":16,"column":7}},"5":{"start":{"line":10,"column":8},"end":{"line":15,"column":9}},"6":{"start":{"line":17,"column":6},"end":{"line":17,"column":27}}},"fnMap":{"0":{"name":"(anonymous_0)","decl":{"start":{"line":5,"column":14},"end":{"line":5,"column":15}},"loc":{"start":{"line":6,"column":2},"end":{"line":19,"column":10}},"line":6},"1":{"name":"(anonymous_1)","decl":{"start":{"line":7,"column":5},"end":{"line":7,"column":6}},"loc":{"start":{"line":7,"column":28},"end":{"line":18,"column":5}},"line":7}},"branchMap":{"0":{"loc":{"start":{"line":8,"column":6},"end":{"line":8,"column":43}},"type":"if","locations":[{"start":{"line":8,"column":6},"end":{"line":8,"column":43}},{"start":{"line":8,"column":6},"end":{"line":8,"column":43}}],"line":8},"1":{"loc":{"start":{"line":9,"column":6},"end":{"line":16,"column":7}},"type":"if","locations":[{"start":{"line":9,"column":6},"end":{"line":16,"column":7}},{"start":{"line":9,"column":6},"end":{"line":16,"column":7}}],"line":9}},"s":{"0":1,"1":2,"2":4,"3":2,"4":2,"5":1,"6":1},"f":{"0":2,"1":4},"b":{"0":[2,2],"1":[1,1]},"_coverageSchema":"332fd63041d2c1bcb487cc26dd0d5f7d97098a6c","hash":"813e369c882dd7bfe208a498656f05045c84269f"}
,"/home/joyfulstick/Dokumenty/sukulenty/frontend/components/Item.js": {"path":"/home/joyfulstick/Dokumenty/sukulenty/frontend/components/Item.js","statementMap":{"0":{"start":{"line":16,"column":8},"end":{"line":16,"column":18}},"1":{"start":{"line":17,"column":4},"end":{"line":49,"column":5}},"2":{"start":{"line":53,"column":0},"end":{"line":56,"column":1}}},"fnMap":{"0":{"name":"(anonymous_0)","decl":{"start":{"line":12,"column":2},"end":{"line":12,"column":3}},"loc":{"start":{"line":12,"column":11},"end":{"line":50,"column":3}},"line":12}},"branchMap":{"0":{"loc":{"start":{"line":26,"column":13},"end":{"line":26,"column":53}},"type":"binary-expr","locations":[{"start":{"line":26,"column":13},"end":{"line":26,"column":18}},{"start":{"line":26,"column":22},"end":{"line":26,"column":53}}],"line":26}},"s":{"0":2,"1":2,"2":1},"f":{"0":2},"b":{"0":[2,2]},"_coverageSchema":"332fd63041d2c1bcb487cc26dd0d5f7d97098a6c","hash":"33892b63eba49e4be6c53e62f844918f8a067f39"}
,"/home/joyfulstick/Dokumenty/sukulenty/frontend/components/Items.js": {"path":"/home/joyfulstick/Dokumenty/sukulenty/frontend/components/Items.js","statementMap":{"0":{"start":{"line":11,"column":24},"end":{"line":22,"column":1}},"1":{"start":{"line":23,"column":15},"end":{"line":25,"column":1}},"2":{"start":{"line":26,"column":18},"end":{"line":32,"column":1}},"3":{"start":{"line":30,"column":24},"end":{"line":30,"column":44}},"4":{"start":{"line":36,"column":21},"end":{"line":36,"column":31}},"5":{"start":{"line":37,"column":4},"end":{"line":63,"column":5}},"6":{"start":{"line":48,"column":12},"end":{"line":48,"column":53}},"7":{"start":{"line":48,"column":25},"end":{"line":48,"column":53}},"8":{"start":{"line":49,"column":12},"end":{"line":49,"column":53}},"9":{"start":{"line":49,"column":23},"end":{"line":49,"column":53}},"10":{"start":{"line":50,"column":12},"end":{"line":58,"column":13}},"11":{"start":{"line":53,"column":18},"end":{"line":55,"column":25}},"12":{"start":{"line":67,"column":0},"end":{"line":69,"column":1}}},"fnMap":{"0":{"name":"(anonymous_0)","decl":{"start":{"line":30,"column":15},"end":{"line":30,"column":16}},"loc":{"start":{"line":30,"column":24},"end":{"line":30,"column":44}},"line":30},"1":{"name":"(anonymous_1)","decl":{"start":{"line":35,"column":2},"end":{"line":35,"column":3}},"loc":{"start":{"line":35,"column":11},"end":{"line":64,"column":3}},"line":35},"2":{"name":"(anonymous_2)","decl":{"start":{"line":47,"column":11},"end":{"line":47,"column":12}},"loc":{"start":{"line":47,"column":41},"end":{"line":59,"column":11}},"line":47},"3":{"name":"(anonymous_3)","decl":{"start":{"line":52,"column":32},"end":{"line":52,"column":33}},"loc":{"start":{"line":53,"column":18},"end":{"line":55,"column":25}},"line":53}},"branchMap":{"0":{"loc":{"start":{"line":48,"column":12},"end":{"line":48,"column":53}},"type":"if","locations":[{"start":{"line":48,"column":12},"end":{"line":48,"column":53}},{"start":{"line":48,"column":12},"end":{"line":48,"column":53}}],"line":48},"1":{"loc":{"start":{"line":49,"column":12},"end":{"line":49,"column":53}},"type":"if","locations":[{"start":{"line":49,"column":12},"end":{"line":49,"column":53}},{"start":{"line":49,"column":12},"end":{"line":49,"column":53}}],"line":49}},"s":{"0":1,"1":1,"2":1,"3":0,"4":0,"5":0,"6":0,"7":0,"8":0,"9":0,"10":0,"11":0,"12":1},"f":{"0":0,"1":0,"2":0,"3":0},"b":{"0":[0,0],"1":[0,0]},"_coverageSchema":"332fd63041d2c1bcb487cc26dd0d5f7d97098a6c","hash":"c0d6b76fa75f3cca0e2a8b57488abb1c871982c0"}
,"/home/joyfulstick/Dokumenty/sukulenty/frontend/components/Nav.js": {"path":"/home/joyfulstick/Dokumenty/sukulenty/frontend/components/Nav.js","statementMap":{"0":{"start":{"line":10,"column":21},"end":{"line":13,"column":1}},"1":{"start":{"line":15,"column":12},"end":{"line":48,"column":1}},"2":{"start":{"line":16,"column":2},"end":{"line":47,"column":9}},"3":{"start":{"line":18,"column":6},"end":{"line":45,"column":18}},"4":{"start":{"line":25,"column":14},"end":{"line":27,"column":21}},"5":{"start":{"line":32,"column":16},"end":{"line":35,"column":25}}},"fnMap":{"0":{"name":"(anonymous_0)","decl":{"start":{"line":15,"column":12},"end":{"line":15,"column":13}},"loc":{"start":{"line":16,"column":2},"end":{"line":47,"column":9}},"line":16},"1":{"name":"(anonymous_1)","decl":{"start":{"line":17,"column":5},"end":{"line":17,"column":6}},"loc":{"start":{"line":18,"column":6},"end":{"line":45,"column":18}},"line":18},"2":{"name":"(anonymous_2)","decl":{"start":{"line":24,"column":46},"end":{"line":24,"column":47}},"loc":{"start":{"line":25,"column":14},"end":{"line":27,"column":21}},"line":25},"3":{"name":"(anonymous_3)","decl":{"start":{"line":31,"column":15},"end":{"line":31,"column":16}},"loc":{"start":{"line":32,"column":16},"end":{"line":35,"column":25}},"line":32}},"branchMap":{"0":{"loc":{"start":{"line":22,"column":9},"end":{"line":39,"column":9}},"type":"binary-expr","locations":[{"start":{"line":22,"column":9},"end":{"line":22,"column":11}},{"start":{"line":23,"column":10},"end":{"line":38,"column":13}}],"line":22},"1":{"loc":{"start":{"line":40,"column":9},"end":{"line":44,"column":9}},"type":"binary-expr","locations":[{"start":{"line":40,"column":9},"end":{"line":40,"column":12}},{"start":{"line":41,"column":10},"end":{"line":43,"column":17}}],"line":40}},"s":{"0":1,"1":1,"2":3,"3":6,"4":4,"5":2},"f":{"0":3,"1":6,"2":4,"3":2},"b":{"0":[6,2],"1":[6,4]},"_coverageSchema":"332fd63041d2c1bcb487cc26dd0d5f7d97098a6c","hash":"1c7bf8737bdb425b79682bb94e3f9b8fdc6b29a4"}
,"/home/joyfulstick/Dokumenty/sukulenty/frontend/components/Pagination.js": {"path":"/home/joyfulstick/Dokumenty/sukulenty/frontend/components/Pagination.js","statementMap":{"0":{"start":{"line":11,"column":25},"end":{"line":19,"column":1}},"1":{"start":{"line":23,"column":4},"end":{"line":68,"column":5}},"2":{"start":{"line":26,"column":10},"end":{"line":26,"column":51}},"3":{"start":{"line":26,"column":23},"end":{"line":26,"column":51}},"4":{"start":{"line":28,"column":28},"end":{"line":28,"column":58}},"5":{"start":{"line":29,"column":23},"end":{"line":29,"column":33}},"6":{"start":{"line":30,"column":19},"end":{"line":30,"column":43}},"7":{"start":{"line":32,"column":22},"end":{"line":32,"column":48}},"8":{"start":{"line":33,"column":10},"end":{"line":33,"column":40}},"9":{"start":{"line":34,"column":26},"end":{"line":34,"column":65}},"10":{"start":{"line":36,"column":10},"end":{"line":65,"column":11}},"11":{"start":{"line":72,"column":0},"end":{"line":74,"column":1}}},"fnMap":{"0":{"name":"(anonymous_0)","decl":{"start":{"line":22,"column":2},"end":{"line":22,"column":3}},"loc":{"start":{"line":22,"column":11},"end":{"line":69,"column":3}},"line":22},"1":{"name":"(anonymous_1)","decl":{"start":{"line":25,"column":9},"end":{"line":25,"column":10}},"loc":{"start":{"line":25,"column":32},"end":{"line":66,"column":9}},"line":25}},"branchMap":{"0":{"loc":{"start":{"line":26,"column":10},"end":{"line":26,"column":51}},"type":"if","locations":[{"start":{"line":26,"column":10},"end":{"line":26,"column":51}},{"start":{"line":26,"column":10},"end":{"line":26,"column":51}}],"line":26},"1":{"loc":{"start":{"line":33,"column":18},"end":{"line":33,"column":40}},"type":"cond-expr","locations":[{"start":{"line":33,"column":31},"end":{"line":33,"column":32}},{"start":{"line":33,"column":35},"end":{"line":33,"column":40}}],"line":33}},"s":{"0":1,"1":0,"2":0,"3":0,"4":0,"5":0,"6":0,"7":0,"8":0,"9":0,"10":0,"11":1},"f":{"0":0,"1":0},"b":{"0":[0,0],"1":[0,0]},"_coverageSchema":"332fd63041d2c1bcb487cc26dd0d5f7d97098a6c","hash":"4131f1d59176770619f4bcd9da3d6f063a18846c"}
,"/home/joyfulstick/Dokumenty/sukulenty/frontend/components/RemoveFromCart.js": {"path":"/home/joyfulstick/Dokumenty/sukulenty/frontend/components/RemoveFromCart.js","statementMap":{"0":{"start":{"line":8,"column":34},"end":{"line":14,"column":1}},"1":{"start":{"line":16,"column":18},"end":{"line":24,"column":1}},"2":{"start":{"line":21,"column":22},"end":{"line":21,"column":39}},"3":{"start":{"line":32,"column":17},"end":{"line":32,"column":70}},"4":{"start":{"line":33,"column":19},"end":{"line":33,"column":46}},"5":{"start":{"line":34,"column":4},"end":{"line":34,"column":71}},"6":{"start":{"line":34,"column":47},"end":{"line":34,"column":70}},"7":{"start":{"line":35,"column":4},"end":{"line":35,"column":57}},"8":{"start":{"line":41,"column":8},"end":{"line":41,"column":12}},"9":{"start":{"line":42,"column":4},"end":{"line":67,"column":5}},"10":{"start":{"line":56,"column":10},"end":{"line":64,"column":22}},"11":{"start":{"line":59,"column":14},"end":{"line":59,"column":63}},"12":{"start":{"line":59,"column":44},"end":{"line":59,"column":62}}},"fnMap":{"0":{"name":"(anonymous_0)","decl":{"start":{"line":21,"column":13},"end":{"line":21,"column":14}},"loc":{"start":{"line":21,"column":22},"end":{"line":21,"column":39}},"line":21},"1":{"name":"(anonymous_1)","decl":{"start":{"line":31,"column":11},"end":{"line":31,"column":12}},"loc":{"start":{"line":31,"column":31},"end":{"line":36,"column":3}},"line":31},"2":{"name":"(anonymous_2)","decl":{"start":{"line":34,"column":39},"end":{"line":34,"column":40}},"loc":{"start":{"line":34,"column":47},"end":{"line":34,"column":70}},"line":34},"3":{"name":"(anonymous_3)","decl":{"start":{"line":37,"column":2},"end":{"line":37,"column":3}},"loc":{"start":{"line":37,"column":11},"end":{"line":68,"column":3}},"line":37},"4":{"name":"(anonymous_4)","decl":{"start":{"line":55,"column":9},"end":{"line":55,"column":10}},"loc":{"start":{"line":56,"column":10},"end":{"line":64,"column":22}},"line":56},"5":{"name":"(anonymous_5)","decl":{"start":{"line":58,"column":21},"end":{"line":58,"column":22}},"loc":{"start":{"line":58,"column":27},"end":{"line":60,"column":13}},"line":58},"6":{"name":"(anonymous_6)","decl":{"start":{"line":59,"column":37},"end":{"line":59,"column":38}},"loc":{"start":{"line":59,"column":44},"end":{"line":59,"column":62}},"line":59}},"branchMap":{},"s":{"0":1,"1":1,"2":0,"3":0,"4":0,"5":0,"6":0,"7":0,"8":0,"9":0,"10":0,"11":0,"12":0},"f":{"0":0,"1":0,"2":0,"3":0,"4":0,"5":0,"6":0},"b":{},"_coverageSchema":"332fd63041d2c1bcb487cc26dd0d5f7d97098a6c","hash":"891ce2beaf655519966cf4ca100126e451448573"}
,"/home/joyfulstick/Dokumenty/sukulenty/frontend/components/Signin.js": {"path":"/home/joyfulstick/Dokumenty/sukulenty/frontend/components/Signin.js","statementMap":{"0":{"start":{"line":9,"column":24},"end":{"line":17,"column":1}},"1":{"start":{"line":25,"column":27},"end":{"line":25,"column":77}},"2":{"start":{"line":28,"column":41},"end":{"line":28,"column":45}},"3":{"start":{"line":29,"column":4},"end":{"line":86,"column":5}},"4":{"start":{"line":36,"column":10},"end":{"line":83,"column":17}},"5":{"start":{"line":39,"column":14},"end":{"line":39,"column":32}},"6":{"start":{"line":40,"column":14},"end":{"line":53,"column":18}},"7":{"start":{"line":42,"column":18},"end":{"line":46,"column":19}},"8":{"start":{"line":43,"column":20},"end":{"line":45,"column":22}},"9":{"start":{"line":49,"column":18},"end":{"line":49,"column":34}},"10":{"start":{"line":50,"column":18},"end":{"line":52,"column":20}}},"fnMap":{"0":{"name":"(anonymous_0)","decl":{"start":{"line":25,"column":22},"end":{"line":25,"column":23}},"loc":{"start":{"line":25,"column":27},"end":{"line":25,"column":77}},"line":25},"1":{"name":"(anonymous_1)","decl":{"start":{"line":27,"column":2},"end":{"line":27,"column":3}},"loc":{"start":{"line":27,"column":11},"end":{"line":87,"column":3}},"line":27},"2":{"name":"(anonymous_2)","decl":{"start":{"line":35,"column":9},"end":{"line":35,"column":10}},"loc":{"start":{"line":36,"column":10},"end":{"line":83,"column":17}},"line":36},"3":{"name":"(anonymous_3)","decl":{"start":{"line":38,"column":22},"end":{"line":38,"column":23}},"loc":{"start":{"line":38,"column":27},"end":{"line":54,"column":13}},"line":38},"4":{"name":"(anonymous_4)","decl":{"start":{"line":41,"column":22},"end":{"line":41,"column":23}},"loc":{"start":{"line":41,"column":29},"end":{"line":47,"column":17}},"line":41},"5":{"name":"(anonymous_5)","decl":{"start":{"line":48,"column":23},"end":{"line":48,"column":24}},"loc":{"start":{"line":48,"column":30},"end":{"line":53,"column":17}},"line":48}},"branchMap":{"0":{"loc":{"start":{"line":42,"column":18},"end":{"line":46,"column":19}},"type":"if","locations":[{"start":{"line":42,"column":18},"end":{"line":46,"column":19}},{"start":{"line":42,"column":18},"end":{"line":46,"column":19}}],"line":42}},"s":{"0":1,"1":0,"2":1,"3":1,"4":1,"5":0,"6":0,"7":0,"8":0,"9":0,"10":0},"f":{"0":0,"1":1,"2":1,"3":0,"4":0,"5":0},"b":{"0":[0,0]},"_coverageSchema":"332fd63041d2c1bcb487cc26dd0d5f7d97098a6c","hash":"d7d1956aec0cdf52d8529abac6b50c82e390699f"}
,"/home/joyfulstick/Dokumenty/sukulenty/frontend/components/Signout.js": {"path":"/home/joyfulstick/Dokumenty/sukulenty/frontend/components/Signout.js","statementMap":{"0":{"start":{"line":6,"column":26},"end":{"line":12,"column":1}},"1":{"start":{"line":13,"column":16},"end":{"line":20,"column":1}},"2":{"start":{"line":14,"column":2},"end":{"line":19,"column":13}},"3":{"start":{"line":18,"column":16},"end":{"line":18,"column":62}}},"fnMap":{"0":{"name":"(anonymous_0)","decl":{"start":{"line":13,"column":16},"end":{"line":13,"column":17}},"loc":{"start":{"line":14,"column":2},"end":{"line":19,"column":13}},"line":14},"1":{"name":"(anonymous_1)","decl":{"start":{"line":18,"column":5},"end":{"line":18,"column":6}},"loc":{"start":{"line":18,"column":16},"end":{"line":18,"column":62}},"line":18}},"branchMap":{},"s":{"0":1,"1":1,"2":2,"3":2},"f":{"0":2,"1":2},"b":{},"_coverageSchema":"332fd63041d2c1bcb487cc26dd0d5f7d97098a6c","hash":"ebed95cd8b26642fc454aa24f1e2082cd7a309af"}
,"/home/joyfulstick/Dokumenty/sukulenty/frontend/components/SingleItem.js": {"path":"/home/joyfulstick/Dokumenty/sukulenty/frontend/components/SingleItem.js","statementMap":{"0":{"start":{"line":9,"column":25},"end":{"line":26,"column":1}},"1":{"start":{"line":12,"column":25},"end":{"line":12,"column":46}},"2":{"start":{"line":28,"column":26},"end":{"line":37,"column":1}},"3":{"start":{"line":41,"column":4},"end":{"line":69,"column":5}},"4":{"start":{"line":49,"column":10},"end":{"line":49,"column":51}},"5":{"start":{"line":49,"column":21},"end":{"line":49,"column":51}},"6":{"start":{"line":50,"column":10},"end":{"line":50,"column":51}},"7":{"start":{"line":50,"column":23},"end":{"line":50,"column":51}},"8":{"start":{"line":51,"column":10},"end":{"line":53,"column":11}},"9":{"start":{"line":52,"column":12},"end":{"line":52,"column":67}},"10":{"start":{"line":54,"column":53},"end":{"line":54,"column":62}},"11":{"start":{"line":55,"column":10},"end":{"line":66,"column":11}},"12":{"start":{"line":73,"column":0},"end":{"line":75,"column":1}}},"fnMap":{"0":{"name":"(anonymous_0)","decl":{"start":{"line":12,"column":16},"end":{"line":12,"column":17}},"loc":{"start":{"line":12,"column":25},"end":{"line":12,"column":46}},"line":12},"1":{"name":"(anonymous_1)","decl":{"start":{"line":40,"column":2},"end":{"line":40,"column":3}},"loc":{"start":{"line":40,"column":11},"end":{"line":70,"column":3}},"line":40},"2":{"name":"(anonymous_2)","decl":{"start":{"line":48,"column":9},"end":{"line":48,"column":10}},"loc":{"start":{"line":48,"column":39},"end":{"line":67,"column":9}},"line":48}},"branchMap":{"0":{"loc":{"start":{"line":49,"column":10},"end":{"line":49,"column":51}},"type":"if","locations":[{"start":{"line":49,"column":10},"end":{"line":49,"column":51}},{"start":{"line":49,"column":10},"end":{"line":49,"column":51}}],"line":49},"1":{"loc":{"start":{"line":50,"column":10},"end":{"line":50,"column":51}},"type":"if","locations":[{"start":{"line":50,"column":10},"end":{"line":50,"column":51}},{"start":{"line":50,"column":10},"end":{"line":50,"column":51}}],"line":50},"2":{"loc":{"start":{"line":51,"column":10},"end":{"line":53,"column":11}},"type":"if","locations":[{"start":{"line":51,"column":10},"end":{"line":53,"column":11}},{"start":{"line":51,"column":10},"end":{"line":53,"column":11}}],"line":51}},"s":{"0":1,"1":1,"2":1,"3":2,"4":4,"5":1,"6":3,"7":2,"8":1,"9":0,"10":1,"11":1,"12":1},"f":{"0":1,"1":2,"2":4},"b":{"0":[1,3],"1":[2,1],"2":[0,1]},"_coverageSchema":"332fd63041d2c1bcb487cc26dd0d5f7d97098a6c","hash":"37d3059c43aca54baf084a16fcec086c878c1bc2"}
,"/home/joyfulstick/Dokumenty/sukulenty/frontend/components/User.js": {"path":"/home/joyfulstick/Dokumenty/sukulenty/frontend/components/User.js","statementMap":{"0":{"start":{"line":5,"column":27},"end":{"line":24,"column":1}},"1":{"start":{"line":25,"column":13},"end":{"line":29,"column":1}},"2":{"start":{"line":26,"column":2},"end":{"line":28,"column":10}},"3":{"start":{"line":27,"column":16},"end":{"line":27,"column":39}},"4":{"start":{"line":31,"column":0},"end":{"line":33,"column":1}}},"fnMap":{"0":{"name":"(anonymous_0)","decl":{"start":{"line":25,"column":13},"end":{"line":25,"column":14}},"loc":{"start":{"line":26,"column":2},"end":{"line":28,"column":10}},"line":26},"1":{"name":"(anonymous_1)","decl":{"start":{"line":27,"column":5},"end":{"line":27,"column":6}},"loc":{"start":{"line":27,"column":16},"end":{"line":27,"column":39}},"line":27}},"branchMap":{},"s":{"0":3,"1":3,"2":3,"3":6,"4":3},"f":{"0":3,"1":6},"b":{},"_coverageSchema":"332fd63041d2c1bcb487cc26dd0d5f7d97098a6c","hash":"73c5596c9a1f155f59e696a6984a4fa9775677be"}
,"/home/joyfulstick/Dokumenty/sukulenty/frontend/components/styles/CartStyles.js": {"path":"/home/joyfulstick/Dokumenty/sukulenty/frontend/components/styles/CartStyles.js","statementMap":{"0":{"start":{"line":3,"column":19},"end":{"line":45,"column":1}},"1":{"start":{"line":20,"column":13},"end":{"line":20,"column":54}},"2":{"start":{"line":22,"column":40},"end":{"line":22,"column":57}},"3":{"start":{"line":27,"column":39},"end":{"line":27,"column":56}}},"fnMap":{"0":{"name":"(anonymous_0)","decl":{"start":{"line":20,"column":4},"end":{"line":20,"column":5}},"loc":{"start":{"line":20,"column":13},"end":{"line":20,"column":54}},"line":20},"1":{"name":"(anonymous_1)","decl":{"start":{"line":22,"column":31},"end":{"line":22,"column":32}},"loc":{"start":{"line":22,"column":40},"end":{"line":22,"column":57}},"line":22},"2":{"name":"(anonymous_2)","decl":{"start":{"line":27,"column":30},"end":{"line":27,"column":31}},"loc":{"start":{"line":27,"column":39},"end":{"line":27,"column":56}},"line":27}},"branchMap":{"0":{"loc":{"start":{"line":20,"column":13},"end":{"line":20,"column":54}},"type":"binary-expr","locations":[{"start":{"line":20,"column":13},"end":{"line":20,"column":23}},{"start":{"line":20,"column":27},"end":{"line":20,"column":54}}],"line":20}},"s":{"0":1,"1":0,"2":0,"3":0},"f":{"0":0,"1":0,"2":0},"b":{"0":[0,0]},"_coverageSchema":"332fd63041d2c1bcb487cc26dd0d5f7d97098a6c","hash":"77aff06d6de3030415caa6d9799b9bc3413c87c3"}
,"/home/joyfulstick/Dokumenty/sukulenty/frontend/components/styles/CloseButton.js": {"path":"/home/joyfulstick/Dokumenty/sukulenty/frontend/components/styles/CloseButton.js","statementMap":{"0":{"start":{"line":3,"column":20},"end":{"line":11,"column":1}}},"fnMap":{},"branchMap":{},"s":{"0":1},"f":{},"b":{},"_coverageSchema":"332fd63041d2c1bcb487cc26dd0d5f7d97098a6c","hash":"ec31636e3adf7ff0697e875100f8e15d19e56558"}
,"/home/joyfulstick/Dokumenty/sukulenty/frontend/components/styles/Form.js": {"path":"/home/joyfulstick/Dokumenty/sukulenty/frontend/components/styles/Form.js","statementMap":{"0":{"start":{"line":3,"column":16},"end":{"line":11,"column":1}},"1":{"start":{"line":13,"column":13},"end":{"line":73,"column":1}},"2":{"start":{"line":34,"column":31},"end":{"line":34,"column":48}},"3":{"start":{"line":40,"column":27},"end":{"line":40,"column":44}},"4":{"start":{"line":62,"column":35},"end":{"line":62,"column":55}}},"fnMap":{"0":{"name":"(anonymous_0)","decl":{"start":{"line":34,"column":22},"end":{"line":34,"column":23}},"loc":{"start":{"line":34,"column":31},"end":{"line":34,"column":48}},"line":34},"1":{"name":"(anonymous_1)","decl":{"start":{"line":40,"column":18},"end":{"line":40,"column":19}},"loc":{"start":{"line":40,"column":27},"end":{"line":40,"column":44}},"line":40},"2":{"name":"(anonymous_2)","decl":{"start":{"line":62,"column":26},"end":{"line":62,"column":27}},"loc":{"start":{"line":62,"column":35},"end":{"line":62,"column":55}},"line":62}},"branchMap":{},"s":{"0":1,"1":1,"2":1,"3":1,"4":1},"f":{"0":1,"1":1,"2":1},"b":{},"_coverageSchema":"332fd63041d2c1bcb487cc26dd0d5f7d97098a6c","hash":"6ab0c9a15844ddd714b22d9c0d1b285eda0caba5"}
,"/home/joyfulstick/Dokumenty/sukulenty/frontend/components/styles/ItemStyles.js": {"path":"/home/joyfulstick/Dokumenty/sukulenty/frontend/components/styles/ItemStyles.js","statementMap":{"0":{"start":{"line":3,"column":13},"end":{"line":41,"column":1}},"1":{"start":{"line":5,"column":31},"end":{"line":5,"column":51}},"2":{"start":{"line":6,"column":25},"end":{"line":6,"column":46}},"3":{"start":{"line":32,"column":37},"end":{"line":32,"column":58}},"4":{"start":{"line":33,"column":27},"end":{"line":33,"column":48}}},"fnMap":{"0":{"name":"(anonymous_0)","decl":{"start":{"line":5,"column":22},"end":{"line":5,"column":23}},"loc":{"start":{"line":5,"column":31},"end":{"line":5,"column":51}},"line":5},"1":{"name":"(anonymous_1)","decl":{"start":{"line":6,"column":16},"end":{"line":6,"column":17}},"loc":{"start":{"line":6,"column":25},"end":{"line":6,"column":46}},"line":6},"2":{"name":"(anonymous_2)","decl":{"start":{"line":32,"column":28},"end":{"line":32,"column":29}},"loc":{"start":{"line":32,"column":37},"end":{"line":32,"column":58}},"line":32},"3":{"name":"(anonymous_3)","decl":{"start":{"line":33,"column":18},"end":{"line":33,"column":19}},"loc":{"start":{"line":33,"column":27},"end":{"line":33,"column":48}},"line":33}},"branchMap":{},"s":{"0":1,"1":0,"2":0,"3":0,"4":0},"f":{"0":0,"1":0,"2":0,"3":0},"b":{},"_coverageSchema":"332fd63041d2c1bcb487cc26dd0d5f7d97098a6c","hash":"9ceef8e1ec4b53f6f8e78bf7b4a97b432a0333c5"}
,"/home/joyfulstick/Dokumenty/sukulenty/frontend/components/styles/NavStyles.js": {"path":"/home/joyfulstick/Dokumenty/sukulenty/frontend/components/styles/NavStyles.js","statementMap":{"0":{"start":{"line":3,"column":18},"end":{"line":64,"column":1}},"1":{"start":{"line":21,"column":22},"end":{"line":21,"column":39}},"2":{"start":{"line":30,"column":29},"end":{"line":30,"column":50}},"3":{"start":{"line":40,"column":29},"end":{"line":40,"column":46}},"4":{"start":{"line":59,"column":37},"end":{"line":59,"column":58}}},"fnMap":{"0":{"name":"(anonymous_0)","decl":{"start":{"line":21,"column":13},"end":{"line":21,"column":14}},"loc":{"start":{"line":21,"column":22},"end":{"line":21,"column":39}},"line":21},"1":{"name":"(anonymous_1)","decl":{"start":{"line":30,"column":20},"end":{"line":30,"column":21}},"loc":{"start":{"line":30,"column":29},"end":{"line":30,"column":50}},"line":30},"2":{"name":"(anonymous_2)","decl":{"start":{"line":40,"column":20},"end":{"line":40,"column":21}},"loc":{"start":{"line":40,"column":29},"end":{"line":40,"column":46}},"line":40},"3":{"name":"(anonymous_3)","decl":{"start":{"line":59,"column":28},"end":{"line":59,"column":29}},"loc":{"start":{"line":59,"column":37},"end":{"line":59,"column":58}},"line":59}},"branchMap":{},"s":{"0":1,"1":6,"2":6,"3":6,"4":6},"f":{"0":6,"1":6,"2":6,"3":6},"b":{},"_coverageSchema":"332fd63041d2c1bcb487cc26dd0d5f7d97098a6c","hash":"90604f663395d7d20cc4f1bf51970beca12b5c8f"}
,"/home/joyfulstick/Dokumenty/sukulenty/frontend/components/styles/PaginationStyles.js": {"path":"/home/joyfulstick/Dokumenty/sukulenty/frontend/components/styles/PaginationStyles.js","statementMap":{"0":{"start":{"line":3,"column":25},"end":{"line":25,"column":1}},"1":{"start":{"line":11,"column":31},"end":{"line":11,"column":52}},"2":{"start":{"line":16,"column":39},"end":{"line":16,"column":60}}},"fnMap":{"0":{"name":"(anonymous_0)","decl":{"start":{"line":11,"column":22},"end":{"line":11,"column":23}},"loc":{"start":{"line":11,"column":31},"end":{"line":11,"column":52}},"line":11},"1":{"name":"(anonymous_1)","decl":{"start":{"line":16,"column":30},"end":{"line":16,"column":31}},"loc":{"start":{"line":16,"column":39},"end":{"line":16,"column":60}},"line":16}},"branchMap":{},"s":{"0":1,"1":0,"2":0},"f":{"0":0,"1":0},"b":{},"_coverageSchema":"332fd63041d2c1bcb487cc26dd0d5f7d97098a6c","hash":"ffeccd24b7ae44ddb71e221e1ce710c6706f0c76"}
,"/home/joyfulstick/Dokumenty/sukulenty/frontend/components/styles/PriceTag.js": {"path":"/home/joyfulstick/Dokumenty/sukulenty/frontend/components/styles/PriceTag.js","statementMap":{"0":{"start":{"line":3,"column":17},"end":{"line":15,"column":1}},"1":{"start":{"line":4,"column":25},"end":{"line":4,"column":42}}},"fnMap":{"0":{"name":"(anonymous_0)","decl":{"start":{"line":4,"column":16},"end":{"line":4,"column":17}},"loc":{"start":{"line":4,"column":25},"end":{"line":4,"column":42}},"line":4}},"branchMap":{},"s":{"0":1,"1":0},"f":{"0":0},"b":{},"_coverageSchema":"332fd63041d2c1bcb487cc26dd0d5f7d97098a6c","hash":"cb6d9e01915a40b35ecb061e2633b88f309b6c88"}
,"/home/joyfulstick/Dokumenty/sukulenty/frontend/components/styles/StickButton.js": {"path":"/home/joyfulstick/Dokumenty/sukulenty/frontend/components/styles/StickButton.js","statementMap":{"0":{"start":{"line":3,"column":20},"end":{"line":18,"column":1}},"1":{"start":{"line":4,"column":25},"end":{"line":4,"column":42}}},"fnMap":{"0":{"name":"(anonymous_0)","decl":{"start":{"line":4,"column":16},"end":{"line":4,"column":17}},"loc":{"start":{"line":4,"column":25},"end":{"line":4,"column":42}},"line":4}},"branchMap":{},"s":{"0":1,"1":0},"f":{"0":0},"b":{},"_coverageSchema":"332fd63041d2c1bcb487cc26dd0d5f7d97098a6c","hash":"9d6849d966ce89186c9ed4119f71170405fb8f38"}
,"/home/joyfulstick/Dokumenty/sukulenty/frontend/components/styles/Supreme.js": {"path":"/home/joyfulstick/Dokumenty/sukulenty/frontend/components/styles/Supreme.js","statementMap":{"0":{"start":{"line":3,"column":16},"end":{"line":11,"column":1}},"1":{"start":{"line":4,"column":25},"end":{"line":4,"column":42}}},"fnMap":{"0":{"name":"(anonymous_0)","decl":{"start":{"line":4,"column":16},"end":{"line":4,"column":17}},"loc":{"start":{"line":4,"column":25},"end":{"line":4,"column":42}},"line":4}},"branchMap":{},"s":{"0":1,"1":0},"f":{"0":0},"b":{},"_coverageSchema":"332fd63041d2c1bcb487cc26dd0d5f7d97098a6c","hash":"aada9c993eb37f596b6d2d9da932268f103ec486"}
,"/home/joyfulstick/Dokumenty/sukulenty/frontend/components/styles/Title.js": {"path":"/home/joyfulstick/Dokumenty/sukulenty/frontend/components/styles/Title.js","statementMap":{"0":{"start":{"line":3,"column":14},"end":{"line":17,"column":1}},"1":{"start":{"line":10,"column":27},"end":{"line":10,"column":44}}},"fnMap":{"0":{"name":"(anonymous_0)","decl":{"start":{"line":10,"column":18},"end":{"line":10,"column":19}},"loc":{"start":{"line":10,"column":27},"end":{"line":10,"column":44}},"line":10}},"branchMap":{},"s":{"0":1,"1":0},"f":{"0":0},"b":{},"_coverageSchema":"332fd63041d2c1bcb487cc26dd0d5f7d97098a6c","hash":"dfd481b7f37ca70d48d166adb3b52083fcc066ab"}
,"/home/joyfulstick/Dokumenty/sukulenty/frontend/lib/calcTotalItems.js": {"path":"/home/joyfulstick/Dokumenty/sukulenty/frontend/lib/calcTotalItems.js","statementMap":{"0":{"start":{"line":2,"column":2},"end":{"line":2,"column":71}},"1":{"start":{"line":2,"column":42},"end":{"line":2,"column":67}}},"fnMap":{"0":{"name":"(anonymous_0)","decl":{"start":{"line":1,"column":15},"end":{"line":1,"column":16}},"loc":{"start":{"line":1,"column":30},"end":{"line":3,"column":1}},"line":1},"1":{"name":"(anonymous_1)","decl":{"start":{"line":2,"column":21},"end":{"line":2,"column":22}},"loc":{"start":{"line":2,"column":42},"end":{"line":2,"column":67}},"line":2}},"branchMap":{},"s":{"0":2,"1":3},"f":{"0":2,"1":3},"b":{},"_coverageSchema":"332fd63041d2c1bcb487cc26dd0d5f7d97098a6c","hash":"593a8dee68f16b40a01f43d97c48368c2bcfa012"}
,"/home/joyfulstick/Dokumenty/sukulenty/frontend/lib/calcTotalPrice.js": {"path":"/home/joyfulstick/Dokumenty/sukulenty/frontend/lib/calcTotalPrice.js","statementMap":{"0":{"start":{"line":2,"column":2},"end":{"line":5,"column":7}},"1":{"start":{"line":3,"column":4},"end":{"line":3,"column":36}},"2":{"start":{"line":3,"column":24},"end":{"line":3,"column":36}},"3":{"start":{"line":4,"column":4},"end":{"line":4,"column":58}}},"fnMap":{"0":{"name":"calcTotalPrice","decl":{"start":{"line":1,"column":24},"end":{"line":1,"column":38}},"loc":{"start":{"line":1,"column":45},"end":{"line":6,"column":1}},"line":1},"1":{"name":"(anonymous_1)","decl":{"start":{"line":2,"column":21},"end":{"line":2,"column":22}},"loc":{"start":{"line":2,"column":42},"end":{"line":5,"column":3}},"line":2}},"branchMap":{"0":{"loc":{"start":{"line":3,"column":4},"end":{"line":3,"column":36}},"type":"if","locations":[{"start":{"line":3,"column":4},"end":{"line":3,"column":36}},{"start":{"line":3,"column":4},"end":{"line":3,"column":36}}],"line":3}},"s":{"0":0,"1":0,"2":0,"3":0},"f":{"0":0,"1":0},"b":{"0":[0,0]},"_coverageSchema":"332fd63041d2c1bcb487cc26dd0d5f7d97098a6c","hash":"4e1ea83ba6759b81f3859311105fbd294177830a"}
,"/home/joyfulstick/Dokumenty/sukulenty/frontend/lib/cloudinaryUtils.js": {"path":"/home/joyfulstick/Dokumenty/sukulenty/frontend/lib/cloudinaryUtils.js","statementMap":{"0":{"start":{"line":5,"column":25},"end":{"line":5,"column":171}},"1":{"start":{"line":7,"column":20},"end":{"line":7,"column":56}},"2":{"start":{"line":7,"column":27},"end":{"line":7,"column":56}},"3":{"start":{"line":9,"column":18},"end":{"line":9,"column":29}},"4":{"start":{"line":12,"column":2},"end":{"line":14,"column":3}}},"fnMap":{"0":{"name":"(anonymous_0)","decl":{"start":{"line":7,"column":20},"end":{"line":7,"column":21}},"loc":{"start":{"line":7,"column":27},"end":{"line":7,"column":56}},"line":7},"1":{"name":"createSignature","decl":{"start":{"line":11,"column":9},"end":{"line":11,"column":24}},"loc":{"start":{"line":11,"column":30},"end":{"line":15,"column":1}},"line":11}},"branchMap":{},"s":{"0":1,"1":1,"2":0,"3":1,"4":0},"f":{"0":0,"1":0},"b":{},"_coverageSchema":"332fd63041d2c1bcb487cc26dd0d5f7d97098a6c","hash":"17e8fd04859a7c6871af1644abe5bcff8fd1d942"}
,"/home/joyfulstick/Dokumenty/sukulenty/frontend/lib/formatMoney.js": {"path":"/home/joyfulstick/Dokumenty/sukulenty/frontend/lib/formatMoney.js","statementMap":{"0":{"start":{"line":3,"column":2},"end":{"line":3,"column":24}},"1":{"start":{"line":4,"column":2},"end":{"line":4,"column":38}},"2":{"start":{"line":5,"column":18},"end":{"line":9,"column":3}},"3":{"start":{"line":10,"column":2},"end":{"line":10,"column":59}},"4":{"start":{"line":10,"column":26},"end":{"line":10,"column":59}},"5":{"start":{"line":11,"column":20},"end":{"line":11,"column":56}},"6":{"start":{"line":12,"column":2},"end":{"line":12,"column":39}}},"fnMap":{"0":{"name":"(anonymous_0)","decl":{"start":{"line":1,"column":15},"end":{"line":1,"column":16}},"loc":{"start":{"line":1,"column":32},"end":{"line":13,"column":1}},"line":1}},"branchMap":{"0":{"loc":{"start":{"line":10,"column":2},"end":{"line":10,"column":59}},"type":"if","locations":[{"start":{"line":10,"column":2},"end":{"line":10,"column":59}},{"start":{"line":10,"column":2},"end":{"line":10,"column":59}}],"line":10}},"s":{"0":5,"1":5,"2":5,"3":5,"4":1,"5":5,"6":5},"f":{"0":5},"b":{"0":[1,4]},"_coverageSchema":"332fd63041d2c1bcb487cc26dd0d5f7d97098a6c","hash":"caad6b8f174c7d05ea759f999fd7ea333038a4b6"}
,"/home/joyfulstick/Dokumenty/sukulenty/frontend/lib/polishPurals.js": {"path":"/home/joyfulstick/Dokumenty/sukulenty/frontend/lib/polishPurals.js","statementMap":{"0":{"start":{"line":2,"column":2},"end":{"line":14,"column":3}},"1":{"start":{"line":3,"column":4},"end":{"line":13,"column":5}},"2":{"start":{"line":4,"column":6},"end":{"line":4,"column":30}},"3":{"start":{"line":5,"column":11},"end":{"line":13,"column":5}},"4":{"start":{"line":10,"column":6},"end":{"line":10,"column":28}},"5":{"start":{"line":12,"column":6},"end":{"line":12,"column":27}}},"fnMap":{"0":{"name":"(anonymous_0)","decl":{"start":{"line":1,"column":15},"end":{"line":1,"column":16}},"loc":{"start":{"line":1,"column":76},"end":{"line":15,"column":1}},"line":1},"1":{"name":"(anonymous_1)","decl":{"start":{"line":2,"column":9},"end":{"line":2,"column":10}},"loc":{"start":{"line":2,"column":25},"end":{"line":14,"column":3}},"line":2}},"branchMap":{"0":{"loc":{"start":{"line":3,"column":4},"end":{"line":13,"column":5}},"type":"if","locations":[{"start":{"line":3,"column":4},"end":{"line":13,"column":5}},{"start":{"line":3,"column":4},"end":{"line":13,"column":5}}],"line":3},"1":{"loc":{"start":{"line":5,"column":11},"end":{"line":13,"column":5}},"type":"if","locations":[{"start":{"line":5,"column":11},"end":{"line":13,"column":5}},{"start":{"line":5,"column":11},"end":{"line":13,"column":5}}],"line":5},"2":{"loc":{"start":{"line":6,"column":6},"end":{"line":8,"column":45}},"type":"binary-expr","locations":[{"start":{"line":6,"column":6},"end":{"line":6,"column":21}},{"start":{"line":7,"column":6},"end":{"line":7,"column":21}},{"start":{"line":8,"column":7},"end":{"line":8,"column":23}},{"start":{"line":8,"column":27},"end":{"line":8,"column":44}}],"line":6}},"s":{"0":0,"1":0,"2":0,"3":0,"4":0,"5":0},"f":{"0":0,"1":0},"b":{"0":[0,0],"1":[0,0],"2":[0,0,0,0]},"_coverageSchema":"332fd63041d2c1bcb487cc26dd0d5f7d97098a6c","hash":"978220b97fcdff35a05a4db4ec0047ce518b79e6"}
,"/home/joyfulstick/Dokumenty/sukulenty/frontend/lib/testUtils.js": {"path":"/home/joyfulstick/Dokumenty/sukulenty/frontend/lib/testUtils.js","statementMap":{"0":{"start":{"line":3,"column":0},"end":{"line":3,"column":16}},"1":{"start":{"line":5,"column":17},"end":{"line":14,"column":2}},"2":{"start":{"line":5,"column":24},"end":{"line":14,"column":1}},"3":{"start":{"line":16,"column":17},"end":{"line":24,"column":2}},"4":{"start":{"line":16,"column":24},"end":{"line":24,"column":1}},"5":{"start":{"line":26,"column":22},"end":{"line":34,"column":2}},"6":{"start":{"line":26,"column":29},"end":{"line":34,"column":1}},"7":{"start":{"line":36,"column":18},"end":{"line":44,"column":2}},"8":{"start":{"line":36,"column":25},"end":{"line":44,"column":1}},"9":{"start":{"line":46,"column":21},"end":{"line":53,"column":2}},"10":{"start":{"line":46,"column":35},"end":{"line":53,"column":1}},"11":{"start":{"line":57,"column":4},"end":{"line":57,"column":19}},"12":{"start":{"line":61,"column":4},"end":{"line":61,"column":19}},"13":{"start":{"line":65,"column":4},"end":{"line":65,"column":34}},"14":{"start":{"line":69,"column":4},"end":{"line":69,"column":38}},"15":{"start":{"line":73,"column":4},"end":{"line":73,"column":26}}},"fnMap":{"0":{"name":"(anonymous_0)","decl":{"start":{"line":5,"column":17},"end":{"line":5,"column":18}},"loc":{"start":{"line":5,"column":24},"end":{"line":14,"column":1}},"line":5},"1":{"name":"(anonymous_1)","decl":{"start":{"line":16,"column":17},"end":{"line":16,"column":18}},"loc":{"start":{"line":16,"column":24},"end":{"line":24,"column":1}},"line":16},"2":{"name":"(anonymous_2)","decl":{"start":{"line":26,"column":22},"end":{"line":26,"column":23}},"loc":{"start":{"line":26,"column":29},"end":{"line":34,"column":1}},"line":26},"3":{"name":"(anonymous_3)","decl":{"start":{"line":36,"column":18},"end":{"line":36,"column":19}},"loc":{"start":{"line":36,"column":25},"end":{"line":44,"column":1}},"line":36},"4":{"name":"(anonymous_4)","decl":{"start":{"line":46,"column":21},"end":{"line":46,"column":22}},"loc":{"start":{"line":46,"column":35},"end":{"line":53,"column":1}},"line":46},"5":{"name":"(anonymous_5)","decl":{"start":{"line":56,"column":2},"end":{"line":56,"column":3}},"loc":{"start":{"line":56,"column":16},"end":{"line":58,"column":3}},"line":56},"6":{"name":"(anonymous_6)","decl":{"start":{"line":60,"column":2},"end":{"line":60,"column":3}},"loc":{"start":{"line":60,"column":10},"end":{"line":62,"column":3}},"line":60},"7":{"name":"(anonymous_7)","decl":{"start":{"line":64,"column":2},"end":{"line":64,"column":3}},"loc":{"start":{"line":64,"column":15},"end":{"line":66,"column":3}},"line":64},"8":{"name":"(anonymous_8)","decl":{"start":{"line":68,"column":2},"end":{"line":68,"column":3}},"loc":{"start":{"line":68,"column":22},"end":{"line":70,"column":3}},"line":68},"9":{"name":"(anonymous_9)","decl":{"start":{"line":72,"column":2},"end":{"line":72,"column":3}},"loc":{"start":{"line":72,"column":18},"end":{"line":74,"column":3}},"line":72}},"branchMap":{"0":{"loc":{"start":{"line":65,"column":11},"end":{"line":65,"column":34}},"type":"binary-expr","locations":[{"start":{"line":65,"column":11},"end":{"line":65,"column":26}},{"start":{"line":65,"column":30},"end":{"line":65,"column":34}}],"line":65}},"s":{"0":3,"1":3,"2":4,"3":3,"4":6,"5":3,"6":0,"7":3,"8":0,"9":3,"10":3,"11":0,"12":0,"13":0,"14":0,"15":0},"f":{"0":4,"1":6,"2":0,"3":0,"4":3,"5":0,"6":0,"7":0,"8":0,"9":0},"b":{"0":[0,0]},"_coverageSchema":"332fd63041d2c1bcb487cc26dd0d5f7d97098a6c","hash":"db4b94002fda514aa1275dac08f08b070ebd620f"}
}
