TN:
SF:/home/joyfulstick/Dokumenty/sukulenty/frontend/cloudinaryEnv.js
FNF:0
FNH:0
DA:1,1
DA:2,1
LF:2
LH:2
BRF:0
BRH:0
end_of_record
TN:
SF:/home/joyfulstick/Dokumenty/sukulenty/frontend/config.js
FNF:0
FNH:0
DA:1,1
DA:2,1
DA:3,1
LF:3
LH:3
BRF:0
BRH:0
end_of_record
TN:
SF:/home/joyfulstick/Dokumenty/sukulenty/frontend/jest.setup.js
FNF:0
FNH:0
DA:4,6
LF:1
LH:1
BRF:0
BRH:0
end_of_record
TN:
SF:/home/joyfulstick/Dokumenty/sukulenty/frontend/components/AddToCart.js
FN:20,(anonymous_0)
FN:30,(anonymous_1)
FN:33,(anonymous_2)
FN:33,(anonymous_3)
FNF:4
FNH:0
FNDA:0,(anonymous_0)
FNDA:0,(anonymous_1)
FNDA:0,(anonymous_2)
FNDA:0,(anonymous_3)
DA:7,1
DA:21,0
DA:22,0
DA:31,0
DA:33,0
LF:5
LH:1
BRDA:36,0,0,0
BRDA:36,0,1,0
BRF:2
BRH:0
end_of_record
TN:
SF:/home/joyfulstick/Dokumenty/sukulenty/frontend/components/Cart.js
FN:29,(anonymous_0)
FN:30,(anonymous_1)
FN:33,(anonymous_2)
FN:37,(anonymous_3)
FN:39,(anonymous_4)
FN:52,(anonymous_5)
FNF:6
FNH:0
FNDA:0,(anonymous_0)
FNDA:0,(anonymous_1)
FNDA:0,(anonymous_2)
FNDA:0,(anonymous_3)
FNDA:0,(anonymous_4)
FNDA:0,(anonymous_5)
DA:16,1
DA:22,1
DA:28,1
DA:29,0
DA:31,0
DA:33,0
DA:37,1
DA:38,0
DA:40,0
DA:41,0
DA:42,0
DA:53,0
LF:12
LH:4
BRDA:41,0,0,0
BRDA:41,0,1,0
BRDA:58,1,0,0
BRDA:58,1,1,0
BRF:4
BRH:0
end_of_record
TN:
SF:/home/joyfulstick/Dokumenty/sukulenty/frontend/components/CartCount.js
FN:31,(anonymous_0)
FN:43,(anonymous_1)
FNF:2
FNH:2
FNDA:2,(anonymous_0)
FNDA:6,(anonymous_1)
DA:6,2
DA:30,2
DA:31,2
DA:43,2
DA:44,6
DA:59,2
LF:6
LH:6
BRF:0
BRH:0
end_of_record
TN:
SF:/home/joyfulstick/Dokumenty/sukulenty/frontend/components/CartItem.js
FN:9,(anonymous_0)
FN:22,(anonymous_1)
FNF:2
FNH:0
FNDA:0,(anonymous_0)
FNDA:0,(anonymous_1)
DA:7,1
DA:9,0
DA:22,1
DA:23,0
DA:24,0
DA:30,0
DA:48,1
LF:7
LH:3
BRDA:23,0,0,0
BRDA:23,0,1,0
BRF:2
BRH:0
end_of_record
TN:
SF:/home/joyfulstick/Dokumenty/sukulenty/frontend/components/Checkout.js
FN:25,(anonymous_0)
FN:31,(anonymous_1)
FN:39,(anonymous_2)
FN:42,(anonymous_3)
FN:49,(anonymous_4)
FN:61,(anonymous_5)
FNF:6
FNH:0
FNDA:0,(anonymous_0)
FNDA:0,(anonymous_1)
FNDA:0,(anonymous_2)
FNDA:0,(anonymous_3)
FNDA:0,(anonymous_4)
FNDA:0,(anonymous_5)
DA:11,1
DA:26,0
DA:27,0
DA:32,0
DA:34,0
DA:40,0
DA:43,0
DA:44,0
DA:50,0
DA:61,0
LF:10
LH:1
BRDA:43,0,0,0
BRDA:43,0,1,0
BRDA:55,1,0,0
BRDA:55,1,1,0
BRDA:55,1,2,0
BRF:5
BRH:0
end_of_record
TN:
SF:/home/joyfulstick/Dokumenty/sukulenty/frontend/components/DeleteItem.js
FN:24,(anonymous_0)
FN:38,(anonymous_1)
FN:56,(anonymous_2)
FN:58,(anonymous_3)
FN:60,(anonymous_4)
FNF:5
FNH:0
FNDA:0,(anonymous_0)
FNDA:0,(anonymous_1)
FNDA:0,(anonymous_2)
FNDA:0,(anonymous_3)
FNDA:0,(anonymous_4)
DA:15,1
DA:25,0
DA:26,0
DA:27,0
DA:28,0
DA:29,0
DA:30,0
DA:32,0
DA:41,0
DA:42,0
DA:57,0
DA:59,0
DA:60,0
DA:61,0
DA:73,1
LF:15
LH:2
BRDA:59,0,0,0
BRDA:59,0,1,0
BRF:2
BRH:0
end_of_record
TN:
SF:/home/joyfulstick/Dokumenty/sukulenty/frontend/components/ErrorMessage.js
FN:10,(anonymous_0)
FN:20,(anonymous_1)
FN:27,(anonymous_2)
FNF:3
FNH:2
FNDA:1,(anonymous_0)
FNDA:2,(anonymous_1)
FNDA:0,(anonymous_2)
DA:5,3
DA:10,1
DA:20,3
DA:21,2
DA:22,1
DA:27,0
DA:28,0
DA:36,1
DA:46,3
DA:50,3
LF:10
LH:8
BRDA:21,0,0,1
BRDA:21,0,1,1
BRDA:21,1,0,2
BRDA:21,1,1,2
BRDA:22,2,0,0
BRDA:22,2,1,1
BRDA:23,3,0,1
BRDA:23,3,1,0
BRDA:23,3,2,0
BRF:9
BRH:6
end_of_record
TN:
SF:/home/joyfulstick/Dokumenty/sukulenty/frontend/components/Guard.js
FN:5,(anonymous_0)
FN:7,(anonymous_1)
FNF:2
FNH:2
FNDA:2,(anonymous_0)
FNDA:4,(anonymous_1)
DA:5,1
DA:6,2
DA:8,4
DA:9,2
DA:10,1
DA:17,1
LF:6
LH:6
BRDA:8,0,0,2
BRDA:8,0,1,2
BRDA:9,1,0,1
BRDA:9,1,1,1
BRF:4
BRH:4
end_of_record
TN:
SF:/home/joyfulstick/Dokumenty/sukulenty/frontend/components/Item.js
FN:12,(anonymous_0)
FNF:1
FNH:1
FNDA:2,(anonymous_0)
DA:16,2
DA:17,2
DA:53,1
LF:3
LH:3
BRDA:26,0,0,2
BRDA:26,0,1,2
BRF:2
BRH:2
end_of_record
TN:
SF:/home/joyfulstick/Dokumenty/sukulenty/frontend/components/Items.js
FN:30,(anonymous_0)
FN:35,(anonymous_1)
FN:47,(anonymous_2)
FN:52,(anonymous_3)
FNF:4
FNH:0
FNDA:0,(anonymous_0)
FNDA:0,(anonymous_1)
FNDA:0,(anonymous_2)
FNDA:0,(anonymous_3)
DA:11,1
DA:23,1
DA:26,1
DA:30,0
DA:36,0
DA:37,0
DA:48,0
DA:49,0
DA:50,0
DA:53,0
DA:67,1
LF:11
LH:4
BRDA:48,0,0,0
BRDA:48,0,1,0
BRDA:49,1,0,0
BRDA:49,1,1,0
BRF:4
BRH:0
end_of_record
TN:
SF:/home/joyfulstick/Dokumenty/sukulenty/frontend/components/Nav.js
FN:15,(anonymous_0)
FN:17,(anonymous_1)
FN:24,(anonymous_2)
FN:31,(anonymous_3)
FNF:4
FNH:4
FNDA:3,(anonymous_0)
FNDA:6,(anonymous_1)
FNDA:4,(anonymous_2)
FNDA:2,(anonymous_3)
DA:10,1
DA:15,1
DA:16,3
DA:18,6
DA:25,4
DA:32,2
LF:6
LH:6
BRDA:22,0,0,6
BRDA:22,0,1,2
BRDA:40,1,0,6
BRDA:40,1,1,4
BRF:4
BRH:4
end_of_record
TN:
SF:/home/joyfulstick/Dokumenty/sukulenty/frontend/components/Pagination.js
FN:22,(anonymous_0)
FN:25,(anonymous_1)
FNF:2
FNH:0
FNDA:0,(anonymous_0)
FNDA:0,(anonymous_1)
DA:11,1
DA:23,0
DA:26,0
DA:28,0
DA:29,0
DA:30,0
DA:32,0
DA:33,0
DA:34,0
DA:36,0
DA:72,1
LF:11
LH:2
BRDA:26,0,0,0
BRDA:26,0,1,0
BRDA:33,1,0,0
BRDA:33,1,1,0
BRF:4
BRH:0
end_of_record
TN:
SF:/home/joyfulstick/Dokumenty/sukulenty/frontend/components/RemoveFromCart.js
FN:21,(anonymous_0)
FN:31,(anonymous_1)
FN:34,(anonymous_2)
FN:37,(anonymous_3)
FN:55,(anonymous_4)
FN:58,(anonymous_5)
FN:59,(anonymous_6)
FNF:7
FNH:0
FNDA:0,(anonymous_0)
FNDA:0,(anonymous_1)
FNDA:0,(anonymous_2)
FNDA:0,(anonymous_3)
FNDA:0,(anonymous_4)
FNDA:0,(anonymous_5)
FNDA:0,(anonymous_6)
DA:8,1
DA:16,1
DA:21,0
DA:32,0
DA:33,0
DA:34,0
DA:35,0
DA:41,0
DA:42,0
DA:56,0
DA:59,0
LF:11
LH:2
BRF:0
BRH:0
end_of_record
TN:
SF:/home/joyfulstick/Dokumenty/sukulenty/frontend/components/Signin.js
FN:25,(anonymous_0)
FN:27,(anonymous_1)
FN:35,(anonymous_2)
FN:38,(anonymous_3)
FN:41,(anonymous_4)
FN:48,(anonymous_5)
FNF:6
FNH:2
FNDA:0,(anonymous_0)
FNDA:1,(anonymous_1)
FNDA:1,(anonymous_2)
FNDA:0,(anonymous_3)
FNDA:0,(anonymous_4)
FNDA:0,(anonymous_5)
DA:9,1
DA:25,0
DA:28,1
DA:29,1
DA:36,1
DA:39,0
DA:40,0
DA:42,0
DA:43,0
DA:49,0
DA:50,0
LF:11
LH:4
BRDA:42,0,0,0
BRDA:42,0,1,0
BRF:2
BRH:0
end_of_record
TN:
SF:/home/joyfulstick/Dokumenty/sukulenty/frontend/components/Signout.js
FN:13,(anonymous_0)
FN:18,(anonymous_1)
FNF:2
FNH:2
FNDA:2,(anonymous_0)
FNDA:2,(anonymous_1)
DA:6,1
DA:13,1
DA:14,2
DA:18,2
LF:4
LH:4
BRF:0
BRH:0
end_of_record
TN:
SF:/home/joyfulstick/Dokumenty/sukulenty/frontend/components/SingleItem.js
FN:12,(anonymous_0)
FN:40,(anonymous_1)
FN:48,(anonymous_2)
FNF:3
FNH:3
FNDA:1,(anonymous_0)
FNDA:2,(anonymous_1)
FNDA:4,(anonymous_2)
DA:9,1
DA:12,1
DA:28,1
DA:41,2
DA:49,4
DA:50,3
DA:51,1
DA:52,0
DA:54,1
DA:55,1
DA:73,1
LF:11
LH:10
BRDA:49,0,0,1
BRDA:49,0,1,3
BRDA:50,1,0,2
BRDA:50,1,1,1
BRDA:51,2,0,0
BRDA:51,2,1,1
BRF:6
BRH:5
end_of_record
TN:
SF:/home/joyfulstick/Dokumenty/sukulenty/frontend/components/User.js
FN:25,(anonymous_0)
FN:27,(anonymous_1)
FNF:2
FNH:2
FNDA:3,(anonymous_0)
FNDA:6,(anonymous_1)
DA:5,3
DA:25,3
DA:26,3
DA:27,6
DA:31,3
LF:5
LH:5
BRF:0
BRH:0
end_of_record
TN:
SF:/home/joyfulstick/Dokumenty/sukulenty/frontend/components/styles/CartStyles.js
FN:20,(anonymous_0)
FN:22,(anonymous_1)
FN:27,(anonymous_2)
FNF:3
FNH:0
FNDA:0,(anonymous_0)
FNDA:0,(anonymous_1)
FNDA:0,(anonymous_2)
DA:3,1
DA:20,0
DA:22,0
DA:27,0
LF:4
LH:1
BRDA:20,0,0,0
BRDA:20,0,1,0
BRF:2
BRH:0
end_of_record
TN:
SF:/home/joyfulstick/Dokumenty/sukulenty/frontend/components/styles/CloseButton.js
FNF:0
FNH:0
DA:3,1
LF:1
LH:1
BRF:0
BRH:0
end_of_record
TN:
SF:/home/joyfulstick/Dokumenty/sukulenty/frontend/components/styles/Form.js
FN:34,(anonymous_0)
FN:40,(anonymous_1)
FN:62,(anonymous_2)
FNF:3
FNH:3
FNDA:1,(anonymous_0)
FNDA:1,(anonymous_1)
FNDA:1,(anonymous_2)
DA:3,1
DA:13,1
DA:34,1
DA:40,1
DA:62,1
LF:5
LH:5
BRF:0
BRH:0
end_of_record
TN:
SF:/home/joyfulstick/Dokumenty/sukulenty/frontend/components/styles/ItemStyles.js
FN:5,(anonymous_0)
FN:6,(anonymous_1)
FN:32,(anonymous_2)
FN:33,(anonymous_3)
FNF:4
FNH:0
FNDA:0,(anonymous_0)
FNDA:0,(anonymous_1)
FNDA:0,(anonymous_2)
FNDA:0,(anonymous_3)
DA:3,1
DA:5,0
DA:6,0
DA:32,0
DA:33,0
LF:5
LH:1
BRF:0
BRH:0
end_of_record
TN:
SF:/home/joyfulstick/Dokumenty/sukulenty/frontend/components/styles/NavStyles.js
FN:21,(anonymous_0)
FN:30,(anonymous_1)
FN:40,(anonymous_2)
FN:59,(anonymous_3)
FNF:4
FNH:4
FNDA:6,(anonymous_0)
FNDA:6,(anonymous_1)
FNDA:6,(anonymous_2)
FNDA:6,(anonymous_3)
DA:3,1
DA:21,6
DA:30,6
DA:40,6
DA:59,6
LF:5
LH:5
BRF:0
BRH:0
end_of_record
TN:
SF:/home/joyfulstick/Dokumenty/sukulenty/frontend/components/styles/PaginationStyles.js
FN:11,(anonymous_0)
FN:16,(anonymous_1)
FNF:2
FNH:0
FNDA:0,(anonymous_0)
FNDA:0,(anonymous_1)
DA:3,1
DA:11,0
DA:16,0
LF:3
LH:1
BRF:0
BRH:0
end_of_record
TN:
SF:/home/joyfulstick/Dokumenty/sukulenty/frontend/components/styles/PriceTag.js
FN:4,(anonymous_0)
FNF:1
FNH:0
FNDA:0,(anonymous_0)
DA:3,1
DA:4,0
LF:2
LH:1
BRF:0
BRH:0
end_of_record
TN:
SF:/home/joyfulstick/Dokumenty/sukulenty/frontend/components/styles/StickButton.js
FN:4,(anonymous_0)
FNF:1
FNH:0
FNDA:0,(anonymous_0)
DA:3,1
DA:4,0
LF:2
LH:1
BRF:0
BRH:0
end_of_record
TN:
SF:/home/joyfulstick/Dokumenty/sukulenty/frontend/components/styles/Supreme.js
FN:4,(anonymous_0)
FNF:1
FNH:0
FNDA:0,(anonymous_0)
DA:3,1
DA:4,0
LF:2
LH:1
BRF:0
BRH:0
end_of_record
TN:
SF:/home/joyfulstick/Dokumenty/sukulenty/frontend/components/styles/Title.js
FN:10,(anonymous_0)
FNF:1
FNH:0
FNDA:0,(anonymous_0)
DA:3,1
DA:10,0
LF:2
LH:1
BRF:0
BRH:0
end_of_record
TN:
SF:/home/joyfulstick/Dokumenty/sukulenty/frontend/lib/calcTotalItems.js
FN:1,(anonymous_0)
FN:2,(anonymous_1)
FNF:2
FNH:2
FNDA:2,(anonymous_0)
FNDA:3,(anonymous_1)
DA:2,3
LF:1
LH:1
BRF:0
BRH:0
end_of_record
TN:
SF:/home/joyfulstick/Dokumenty/sukulenty/frontend/lib/calcTotalPrice.js
FN:1,calcTotalPrice
FN:2,(anonymous_1)
FNF:2
FNH:0
FNDA:0,calcTotalPrice
FNDA:0,(anonymous_1)
DA:2,0
DA:3,0
DA:4,0
LF:3
LH:0
BRDA:3,0,0,0
BRDA:3,0,1,0
BRF:2
BRH:0
end_of_record
TN:
SF:/home/joyfulstick/Dokumenty/sukulenty/frontend/lib/cloudinaryUtils.js
FN:7,(anonymous_0)
FN:11,createSignature
FNF:2
FNH:0
FNDA:0,(anonymous_0)
FNDA:0,createSignature
DA:5,1
DA:7,1
DA:9,1
DA:12,0
LF:4
LH:3
BRF:0
BRH:0
end_of_record
TN:
SF:/home/joyfulstick/Dokumenty/sukulenty/frontend/lib/formatMoney.js
FN:1,(anonymous_0)
FNF:1
FNH:1
FNDA:5,(anonymous_0)
DA:3,5
DA:4,5
DA:5,5
DA:10,5
DA:11,5
DA:12,5
LF:6
LH:6
BRDA:10,0,0,1
BRDA:10,0,1,4
BRF:2
BRH:2
end_of_record
TN:
SF:/home/joyfulstick/Dokumenty/sukulenty/frontend/lib/polishPurals.js
FN:1,(anonymous_0)
FN:2,(anonymous_1)
FNF:2
FNH:0
FNDA:0,(anonymous_0)
FNDA:0,(anonymous_1)
DA:2,0
DA:3,0
DA:4,0
DA:5,0
DA:10,0
DA:12,0
LF:6
LH:0
BRDA:3,0,0,0
BRDA:3,0,1,0
BRDA:5,1,0,0
BRDA:5,1,1,0
BRDA:6,2,0,0
BRDA:6,2,1,0
BRDA:6,2,2,0
BRDA:6,2,3,0
BRF:8
BRH:0
end_of_record
TN:
SF:/home/joyfulstick/Dokumenty/sukulenty/frontend/lib/testUtils.js
FN:5,(anonymous_0)
FN:16,(anonymous_1)
FN:26,(anonymous_2)
FN:36,(anonymous_3)
FN:46,(anonymous_4)
FN:56,(anonymous_5)
FN:60,(anonymous_6)
FN:64,(anonymous_7)
FN:68,(anonymous_8)
FN:72,(anonymous_9)
FNF:10
FNH:3
FNDA:4,(anonymous_0)
FNDA:6,(anonymous_1)
FNDA:0,(anonymous_2)
FNDA:0,(anonymous_3)
FNDA:3,(anonymous_4)
FNDA:0,(anonymous_5)
FNDA:0,(anonymous_6)
FNDA:0,(anonymous_7)
FNDA:0,(anonymous_8)
FNDA:0,(anonymous_9)
DA:3,3
DA:5,4
DA:16,6
DA:26,3
DA:36,3
DA:46,3
DA:57,0
DA:61,0
DA:65,0
DA:69,0
DA:73,0
LF:11
LH:6
BRDA:65,0,0,0
BRDA:65,0,1,0
BRF:2
BRH:0
end_of_record
